<?xml version="1.0" encoding="UTF-8"?>
<!-- Generated by org.testng.reporters.JUnitReportReporter -->
<testsuite hostname="Aiman" failures="0" tests="2" name="com.dataprovider_assignment.mavenproject.DP_TestCases_SeperateClass1" time="15.153" errors="0" timestamp="2023-07-30T15:22:26 EDT" skipped="0">
  <testcase classname="com.dataprovider_assignment.mavenproject.DP_TestCases_SeperateClass1" name="registerTestCase1" time="7.192"/>
  <testcase classname="com.dataprovider_assignment.mavenproject.DP_TestCases_SeperateClass1" name="registerTestCase1" time="7.961"/>
</testsuite> <!-- com.dataprovider_assignment.mavenproject.DP_TestCases_SeperateClass1 -->
