<?xml version="1.0" encoding="UTF-8"?>
<!-- Generated by org.testng.reporters.JUnitReportReporter -->
<testsuite hostname="Aiman" failures="0" tests="2" name="com.dataprovider_assignment.mavenproject.DP_TestCases_SeperateClass2" time="24.034" errors="0" timestamp="2023-08-20T22:54:55 EDT" skipped="0">
  <testcase classname="com.dataprovider_assignment.mavenproject.DP_TestCases_SeperateClass2" name="login" time="15.114"/>
  <testcase classname="com.dataprovider_assignment.mavenproject.DP_TestCases_SeperateClass2" name="login" time="8.920"/>
</testsuite> <!-- com.dataprovider_assignment.mavenproject.DP_TestCases_SeperateClass2 -->
