<?xml version="1.0" encoding="UTF-8"?>
<!-- Generated by org.testng.reporters.JUnitReportReporter -->
<testsuite hostname="Aiman" failures="0" tests="1" name="com.parameterrization_assignment.maven.Parameterization" time="6.623" errors="0" timestamp="2023-07-30T16:31:25 EDT" skipped="0">
  <testcase classname="com.parameterrization_assignment.maven.Parameterization" name="tnLogin" time="6.623"/>
</testsuite> <!-- com.parameterrization_assignment.maven.Parameterization -->
